[16:47:32] [Server thread/INFO]: Starting minecraft server version 1.12.2
[16:47:32] [Server thread/INFO]: Loading properties
[16:47:32] [Server thread/INFO]: Default game type: SURVIVAL
[16:47:32] [Server thread/INFO]: Generating keypair
[16:47:33] [Server thread/INFO]: Starting Minecraft server on *:25565
[16:47:33] [Server thread/INFO]: Using default channel type
[16:47:33] [Server thread/INFO]: Preparing level "world"
[16:47:33] [Server thread/INFO]: Loaded 488 advancements
[16:47:34] [Server thread/INFO]: Preparing start region for level 0
[16:47:35] [Server thread/INFO]: Preparing spawn area: 5%
[16:47:36] [Server thread/INFO]: Preparing spawn area: 8%
[16:47:37] [Server thread/INFO]: Preparing spawn area: 13%
[16:47:38] [Server thread/INFO]: Preparing spawn area: 20%
[16:47:39] [Server thread/INFO]: Preparing spawn area: 27%
[16:47:40] [Server thread/INFO]: Preparing spawn area: 36%
[16:47:41] [Server thread/INFO]: Preparing spawn area: 44%
[16:47:42] [Server thread/INFO]: Preparing spawn area: 51%
[16:47:43] [Server thread/INFO]: Preparing spawn area: 59%
[16:47:44] [Server thread/INFO]: Preparing spawn area: 66%
[16:47:45] [Server thread/INFO]: Preparing spawn area: 74%
[16:47:46] [Server thread/INFO]: Preparing spawn area: 84%
[16:47:47] [Server Shutdown Thread/INFO]: Stopping server
[16:47:47] [Server Shutdown Thread/INFO]: Saving players
